<?xml version="1.0" encoding="UTF-8"?>
<!-- Generated by org.testng.reporters.JUnitXMLReporter -->
<testsuite ignored="0" hostname="LAPTOP-07C5PU1R" failures="2" tests="4" name="test" time="25.721" errors="0" timestamp="2024-07-20T00:50:40 IST">
  <testcase classname="com.netbanking.testcases.TC002_LoginDDT_Test" name="ddt_Test" time="9.921"/>
  <testcase classname="com.netbanking.testcases.TC002_LoginDDT_Test" name="ddt_Test" time="3.474">
    <failure type="java.lang.AssertionError" message="expected [true] but found [false]">
      <![CDATA[java.lang.AssertionError: expected [true] but found [false]
at com.netbanking.testcases.TC002_LoginDDT_Test.ddt_Test(TC002_LoginDDT_Test.java:26)
at java.base/java.util.ArrayList.forEach(ArrayList.java:1597)
... Removed 29 stack frames]]>
    </failure>
  </testcase> <!-- ddt_Test -->
  <testcase classname="com.netbanking.testcases.TC002_LoginDDT_Test" name="ddt_Test" time="3.978">
    <failure type="java.lang.AssertionError" message="expected [true] but found [false]">
      <![CDATA[java.lang.AssertionError: expected [true] but found [false]
at com.netbanking.testcases.TC002_LoginDDT_Test.ddt_Test(TC002_LoginDDT_Test.java:26)
at java.base/java.util.ArrayList.forEach(ArrayList.java:1597)
... Removed 29 stack frames]]>
    </failure>
  </testcase> <!-- ddt_Test -->
  <testcase classname="com.netbanking.testcases.TC002_LoginDDT_Test" name="ddt_Test" time="5.511"/>
</testsuite> <!-- test -->
